<?xml version="1.0" encoding="UTF-8"?>
<!-- Generated by org.testng.reporters.JUnitReportReporter -->
<testsuite hostname="DESKTOP-974JGB3" failures="0" tests="1" name="com.testcases.LogoutTest" time="13.255" errors="0" timestamp="2023-11-15T11:32:51 IST" skipped="0">
  <testcase classname="com.testcases.LogoutTest" name="log" time="13.255"/>
  <system-out/>
</testsuite> <!-- com.testcases.LogoutTest -->
