<?xml version="1.0" encoding="UTF-8"?>
<!-- Generated by org.testng.reporters.JUnitReportReporter -->
<testsuite hostname="DESKTOP-974JGB3" failures="0" tests="1" name="com.testcases.LoginTest" time="10.452" errors="0" timestamp="2023-11-15T11:28:12 IST" skipped="0">
  <testcase classname="com.testcases.LoginTest" name="log" time="10.452"/>
  <system-out/>
</testsuite> <!-- com.testcases.LoginTest -->
